{
  "stats": {
    "suites": 6,
    "tests": 9,
    "passes": 8,
    "pending": 0,
    "failures": 1,
    "start": "2022-01-21T05:20:01.718Z",
    "end": "2022-01-21T05:20:24.827Z",
    "duration": 23109,
    "testsRegistered": 9,
    "passPercent": 88.88888888888889,
    "pendingPercent": 0,
    "other": 0,
    "hasOther": false,
    "skipped": 0,
    "hasSkipped": false
  },
  "results": [
    {
      "uuid": "84666d0d-c7c9-40ce-8d35-7a813859307c",
      "title": "",
      "fullFile": "cypress/integration/e2e/searchTests.js",
      "file": "cypress/integration/e2e/searchTests.js",
      "beforeHooks": [],
      "afterHooks": [],
      "tests": [],
      "suites": [
        {
          "uuid": "db7740ea-204c-4855-a1d1-cebd7048bde5",
          "title": "Service availability Test suite",
          "fullFile": "",
          "file": "",
          "beforeHooks": [],
          "afterHooks": [],
          "tests": [
            {
              "title": "Check star wars API status is 200",
              "fullTitle": "Service availability Test suite Check star wars API status is 200",
              "timedOut": null,
              "duration": 7301,
              "state": "passed",
              "speed": "medium",
              "pass": true,
              "fail": false,
              "pending": false,
              "context": null,
              "code": "const response = cy.request('GET', swapiBaseURL);\nresponse.its('status').should('be.eql', 200);",
              "err": {},
              "uuid": "d6d51d34-9773-4fd3-b97c-49d343636338",
              "parentUUID": "db7740ea-204c-4855-a1d1-cebd7048bde5",
              "isHook": false,
              "skipped": false
            }
          ],
          "suites": [],
          "passes": [
            "d6d51d34-9773-4fd3-b97c-49d343636338"
          ],
          "failures": [],
          "pending": [],
          "skipped": [],
          "duration": 7301,
          "root": false,
          "rootEmpty": false,
          "_timeout": 2000
        },
        {
          "uuid": "4228ea9e-a6d5-4970-8133-c59ad7ddf93f",
          "title": "Character Search Test suite",
          "fullFile": "",
          "file": "",
          "beforeHooks": [],
          "afterHooks": [],
          "tests": [
            {
              "title": "Verify search results (using click event) for a character - with multiple results",
              "fullTitle": "Character Search Test suite Verify search results (using click event) for a character - with multiple results",
              "timedOut": null,
              "duration": 2237,
              "state": "passed",
              "speed": "fast",
              "pass": true,
              "fail": false,
              "pending": false,
              "context": null,
              "code": "searchFormObject.checkRadioButton(searchType).should('be.checked');\nsearchFormObject.inputSearchQuery(searchQuery);\ncy.interceptUntilResults(searchFormObject, swapiBaseURL, searchType, searchQuery, eventType);\ncharacterSearchResultObject.assertCharacherSearchResult(charachter, 'have.text');",
              "err": {},
              "uuid": "dc296fe3-4f55-4918-afa6-a9ad3020aeb4",
              "parentUUID": "4228ea9e-a6d5-4970-8133-c59ad7ddf93f",
              "isHook": false,
              "skipped": false
            },
            {
              "title": "Verify search results (using click event) for a character - where charachter name that has special charachter and gender is NA",
              "fullTitle": "Character Search Test suite Verify search results (using click event) for a character - where charachter name that has special charachter and gender is NA",
              "timedOut": null,
              "duration": 972,
              "state": "passed",
              "speed": "fast",
              "pass": true,
              "fail": false,
              "pending": false,
              "context": null,
              "code": "searchFormObject.checkRadioButton(searchType).should('be.checked');\nsearchFormObject.inputSearchQuery(searchQuery);\ncy.interceptUntilResults(searchFormObject, swapiBaseURL, searchType, searchQuery, eventType);\ncharacterSearchResultObject.assertCharacherSearchResult(charachter, 'have.text');",
              "err": {},
              "uuid": "4a3585f4-8776-4813-bad7-d018a6ace849",
              "parentUUID": "4228ea9e-a6d5-4970-8133-c59ad7ddf93f",
              "isHook": false,
              "skipped": false
            }
          ],
          "suites": [],
          "passes": [
            "dc296fe3-4f55-4918-afa6-a9ad3020aeb4",
            "4a3585f4-8776-4813-bad7-d018a6ace849"
          ],
          "failures": [],
          "pending": [],
          "skipped": [],
          "duration": 3209,
          "root": false,
          "rootEmpty": false,
          "_timeout": 2000
        },
        {
          "uuid": "e02828a3-87ea-4749-8c81-fa269769578b",
          "title": "Planet Search Test suite",
          "fullFile": "",
          "file": "",
          "beforeHooks": [],
          "afterHooks": [],
          "tests": [
            {
              "title": "Verify search results (using click event) for a planet - where population is unknown",
              "fullTitle": "Planet Search Test suite Verify search results (using click event) for a planet - where population is unknown",
              "timedOut": null,
              "duration": 978,
              "state": "passed",
              "speed": "fast",
              "pass": true,
              "fail": false,
              "pending": false,
              "context": null,
              "code": "searchFormObject.checkRadioButton(searchType).should('be.checked');\nsearchFormObject.inputSearchQuery(searchQuery);\ncy.interceptUntilResults(searchFormObject, swapiBaseURL, searchType, searchQuery, eventType);\nplanetSearchResultObject.assertPlanetSearchResult(planet, 'have.text');",
              "err": {},
              "uuid": "42d28195-45fa-4329-ab50-804faded79ab",
              "parentUUID": "e02828a3-87ea-4749-8c81-fa269769578b",
              "isHook": false,
              "skipped": false
            }
          ],
          "suites": [],
          "passes": [
            "42d28195-45fa-4329-ab50-804faded79ab"
          ],
          "failures": [],
          "pending": [],
          "skipped": [],
          "duration": 978,
          "root": false,
          "rootEmpty": false,
          "_timeout": 2000
        },
        {
          "uuid": "5b7f2062-0b0d-49d4-b4f9-594e8fb6310c",
          "title": "Invalid character Search Test suite",
          "fullFile": "",
          "file": "",
          "beforeHooks": [],
          "afterHooks": [],
          "tests": [
            {
              "title": "Verify search results (using click event) for a character - which doesn't exist",
              "fullTitle": "Invalid character Search Test suite Verify search results (using click event) for a character - which doesn't exist",
              "timedOut": null,
              "duration": 976,
              "state": "passed",
              "speed": "fast",
              "pass": true,
              "fail": false,
              "pending": false,
              "context": null,
              "code": "searchFormObject.checkRadioButton(searchType).should('be.checked');\nsearchFormObject.inputSearchQuery(searchQuery);\ncy.interceptUntilResults(searchFormObject, swapiBaseURL, searchType, searchQuery, eventType);\nmainAppObject.isNotFound().should('exist');\ncharacterSearchResultObject.assertCharacherSearchResult(charachter, 'not.exist');",
              "err": {},
              "uuid": "200e5e88-b03c-4905-9acc-1ed69240d090",
              "parentUUID": "5b7f2062-0b0d-49d4-b4f9-594e8fb6310c",
              "isHook": false,
              "skipped": false
            }
          ],
          "suites": [],
          "passes": [
            "200e5e88-b03c-4905-9acc-1ed69240d090"
          ],
          "failures": [],
          "pending": [],
          "skipped": [],
          "duration": 976,
          "root": false,
          "rootEmpty": false,
          "_timeout": 2000
        },
        {
          "uuid": "8ba4a97e-ff40-4243-9e5b-3399b57217cf",
          "title": "Invalid planet Search Test suite",
          "fullFile": "",
          "file": "",
          "beforeHooks": [],
          "afterHooks": [],
          "tests": [
            {
              "title": "Verify search results (using click event) for a planet - which doesn't exist",
              "fullTitle": "Invalid planet Search Test suite Verify search results (using click event) for a planet - which doesn't exist",
              "timedOut": null,
              "duration": 895,
              "state": "passed",
              "speed": "fast",
              "pass": true,
              "fail": false,
              "pending": false,
              "context": null,
              "code": "searchFormObject.checkRadioButton(searchType).should('be.checked');\nsearchFormObject.inputSearchQuery(searchQuery);\ncy.interceptUntilResults(searchFormObject, swapiBaseURL, searchType, searchQuery, eventType);\nmainAppObject.isNotFound().should('exist');\nplanetSearchResultObject.assertPlanetSearchResult(planet, 'not.exist');",
              "err": {},
              "uuid": "a42819af-b5fd-45d4-afb4-0793a908a80d",
              "parentUUID": "8ba4a97e-ff40-4243-9e5b-3399b57217cf",
              "isHook": false,
              "skipped": false
            }
          ],
          "suites": [],
          "passes": [
            "a42819af-b5fd-45d4-afb4-0793a908a80d"
          ],
          "failures": [],
          "pending": [],
          "skipped": [],
          "duration": 895,
          "root": false,
          "rootEmpty": false,
          "_timeout": 2000
        },
        {
          "uuid": "3f41cbdd-24d1-47a8-8d65-29d902629de8",
          "title": "Additional scenarios",
          "fullFile": "",
          "file": "",
          "beforeHooks": [],
          "afterHooks": [],
          "tests": [
            {
              "title": "Verify previous search result are removed on searching empty input query",
              "fullTitle": "Additional scenarios Verify previous search result are removed on searching empty input query",
              "timedOut": null,
              "duration": 5574,
              "state": "failed",
              "speed": null,
              "pass": false,
              "fail": true,
              "pending": false,
              "context": "\"../cypress/screenshots/e2e/searchTests.js/Additional scenarios -- Verify previous search result are removed on searching empty input query (failed).png\"",
              "code": "searchFormObject.checkRadioButton(searchType).should('be.checked');\nsearchFormObject.inputSearchQuery(searchQuery);\ncy.interceptUntilResults(searchFormObject, swapiBaseURL, searchType, searchQuery, eventType);\nplanetSearchResultObject.assertPlanetSearchResult(validPlanetsJson[0], 'have.text');\nsearchFormObject.clearSearchQuery();\nsearchFormObject.clickSubmitButton();\nplanetSearchResultObject.assertPlanetSearchResult(validPlanetsJson[0], 'not.exist');",
              "err": {
                "message": "AssertionError: Timed out retrying after 4000ms: Expected <h6.card-subtitle.mb-2.text-muted> not to exist in the DOM, but it was continuously found.",
                "estack": "AssertionError: Timed out retrying after 4000ms: Expected <h6.card-subtitle.mb-2.text-muted> not to exist in the DOM, but it was continuously found.\n    at PlanetSearchResultObject.assertPlanetSearchResult (http://localhost:4200/__cypress/tests?p=cypress/integration/e2e/searchTests.js:482:26)\n    at Context.eval (http://localhost:4200/__cypress/tests?p=cypress/integration/e2e/searchTests.js:285:30)",
                "diff": null
              },
              "uuid": "a4977cf1-b7be-472d-a021-7fe23b21f119",
              "parentUUID": "3f41cbdd-24d1-47a8-8d65-29d902629de8",
              "isHook": false,
              "skipped": false
            },
            {
              "title": "Verify \"Not Found\" in place of previous search result on changing the search type",
              "fullTitle": "Additional scenarios Verify \"Not Found\" in place of previous search result on changing the search type",
              "timedOut": null,
              "duration": 1181,
              "state": "passed",
              "speed": "fast",
              "pass": true,
              "fail": false,
              "pending": false,
              "context": null,
              "code": "searchFormObject.checkRadioButton(searchType).should('be.checked');\nsearchFormObject.inputSearchQuery(searchQuery);\ncy.interceptUntilResults(searchFormObject, swapiBaseURL, searchType, searchQuery, eventType);\nplanetSearchResultObject.assertPlanetSearchResult(validPlanetsJson[0], 'have.text');\nsearchType = \"people\";\nsearchFormObject.checkRadioButton(searchType).should('be.checked');\ncy.interceptUntilResults(searchFormObject, swapiBaseURL, searchType, searchQuery, eventType);\nmainAppObject.isNotFound().should('exist');\nplanetSearchResultObject.assertPlanetSearchResult(validPlanetsJson[0], 'not.exist');",
              "err": {},
              "uuid": "3fccc5da-d46c-468c-aa7a-d46fa9fb336f",
              "parentUUID": "3f41cbdd-24d1-47a8-8d65-29d902629de8",
              "isHook": false,
              "skipped": false
            },
            {
              "title": "Verify search results (using enter event) for a planet",
              "fullTitle": "Additional scenarios Verify search results (using enter event) for a planet",
              "timedOut": null,
              "duration": 734,
              "state": "passed",
              "speed": "fast",
              "pass": true,
              "fail": false,
              "pending": false,
              "context": null,
              "code": "searchType = \"planets\";\neventType = \"enter\";\nsearchFormObject.checkRadioButton(searchType).should('be.checked');\nsearchFormObject.inputSearchQuery(searchQuery);\ncy.interceptUntilResults(searchFormObject, swapiBaseURL, searchType, searchQuery, eventType);\nplanetSearchResultObject.assertPlanetSearchResult(validPlanetsJson[0], 'have.text');",
              "err": {},
              "uuid": "495b7b5e-39f7-4ae5-8a78-2f11ae77c2ca",
              "parentUUID": "3f41cbdd-24d1-47a8-8d65-29d902629de8",
              "isHook": false,
              "skipped": false
            }
          ],
          "suites": [],
          "passes": [
            "3fccc5da-d46c-468c-aa7a-d46fa9fb336f",
            "495b7b5e-39f7-4ae5-8a78-2f11ae77c2ca"
          ],
          "failures": [
            "a4977cf1-b7be-472d-a021-7fe23b21f119"
          ],
          "pending": [],
          "skipped": [],
          "duration": 7489,
          "root": false,
          "rootEmpty": false,
          "_timeout": 2000
        }
      ],
      "passes": [],
      "failures": [],
      "pending": [],
      "skipped": [],
      "duration": 0,
      "root": true,
      "rootEmpty": true,
      "_timeout": 2000
    }
  ],
  "meta": {
    "mocha": {
      "version": "7.0.1"
    },
    "mochawesome": {
      "options": {
        "quiet": false,
        "reportFilename": "output",
        "saveHtml": true,
        "saveJson": true,
        "consoleReporter": "spec",
        "useInlineDiffs": false,
        "code": true
      },
      "version": "7.0.1"
    },
    "marge": {
      "options": {
        "overwrite": true,
        "html": true,
        "json": true,
        "reportFilename": "output"
      },
      "version": "6.0.1"
    }
  }
}