{
  "stats": {
    "suites": 6,
    "tests": 9,
    "passes": 8,
    "pending": 0,
    "failures": 1,
    "start": "2022-01-21T06:03:10.420Z",
    "end": "2022-01-21T06:03:32.975Z",
    "duration": 22555,
    "testsRegistered": 9,
    "passPercent": 88.88888888888889,
    "pendingPercent": 0,
    "other": 0,
    "hasOther": false,
    "skipped": 0,
    "hasSkipped": false
  },
  "results": [
    {
      "uuid": "a3598de7-be17-4b28-aa64-b0a8bc4c1e30",
      "title": "",
      "fullFile": "cypress/integration/e2e/searchTests.js",
      "file": "cypress/integration/e2e/searchTests.js",
      "beforeHooks": [],
      "afterHooks": [],
      "tests": [],
      "suites": [
        {
          "uuid": "f1fa7212-4752-4d52-b2b4-1235dc259bc4",
          "title": "Service availability Test suite",
          "fullFile": "",
          "file": "",
          "beforeHooks": [],
          "afterHooks": [],
          "tests": [
            {
              "title": "Check star wars API status is 200",
              "fullTitle": "Service availability Test suite Check star wars API status is 200",
              "timedOut": null,
              "duration": 6922,
              "state": "passed",
              "speed": "medium",
              "pass": true,
              "fail": false,
              "pending": false,
              "context": null,
              "code": "const response = cy.request('GET', swapiBaseURL);\nresponse.its('status').should('be.eql', 200);",
              "err": {},
              "uuid": "ebd25f9b-7a8b-4911-816e-7765fcaa6f34",
              "parentUUID": "f1fa7212-4752-4d52-b2b4-1235dc259bc4",
              "isHook": false,
              "skipped": false
            }
          ],
          "suites": [],
          "passes": [
            "ebd25f9b-7a8b-4911-816e-7765fcaa6f34"
          ],
          "failures": [],
          "pending": [],
          "skipped": [],
          "duration": 6922,
          "root": false,
          "rootEmpty": false,
          "_timeout": 2000
        },
        {
          "uuid": "397a56f5-c5a0-4a9f-a6be-2836764d9c90",
          "title": "Character Search Test suite",
          "fullFile": "",
          "file": "",
          "beforeHooks": [],
          "afterHooks": [],
          "tests": [
            {
              "title": "Verify search results (using click event) for a character - with multiple results",
              "fullTitle": "Character Search Test suite Verify search results (using click event) for a character - with multiple results",
              "timedOut": null,
              "duration": 2468,
              "state": "passed",
              "speed": "fast",
              "pass": true,
              "fail": false,
              "pending": false,
              "context": null,
              "code": "searchFormObject.checkRadioButton(searchType).should('be.checked');\nsearchFormObject.inputSearchQuery(searchQuery);\ncy.interceptUntilResults(searchFormObject, swapiBaseURL, searchType, searchQuery, eventType);\ncharacterSearchResultObject.assertCharacherSearchResult(charachter, 'have.text');",
              "err": {},
              "uuid": "109dc104-d2ea-4f5a-8367-71ecd51dbdf7",
              "parentUUID": "397a56f5-c5a0-4a9f-a6be-2836764d9c90",
              "isHook": false,
              "skipped": false
            },
            {
              "title": "Verify search results (using click event) for a character - where charachter name that has special charachter and gender is NA",
              "fullTitle": "Character Search Test suite Verify search results (using click event) for a character - where charachter name that has special charachter and gender is NA",
              "timedOut": null,
              "duration": 890,
              "state": "passed",
              "speed": "fast",
              "pass": true,
              "fail": false,
              "pending": false,
              "context": null,
              "code": "searchFormObject.checkRadioButton(searchType).should('be.checked');\nsearchFormObject.inputSearchQuery(searchQuery);\ncy.interceptUntilResults(searchFormObject, swapiBaseURL, searchType, searchQuery, eventType);\ncharacterSearchResultObject.assertCharacherSearchResult(charachter, 'have.text');",
              "err": {},
              "uuid": "ed3f1e95-f0de-4304-9952-92a3c38e7049",
              "parentUUID": "397a56f5-c5a0-4a9f-a6be-2836764d9c90",
              "isHook": false,
              "skipped": false
            }
          ],
          "suites": [],
          "passes": [
            "109dc104-d2ea-4f5a-8367-71ecd51dbdf7",
            "ed3f1e95-f0de-4304-9952-92a3c38e7049"
          ],
          "failures": [],
          "pending": [],
          "skipped": [],
          "duration": 3358,
          "root": false,
          "rootEmpty": false,
          "_timeout": 2000
        },
        {
          "uuid": "ac12a876-f370-4ef1-9a1a-dfa8b0f5b8b5",
          "title": "Planet Search Test suite",
          "fullFile": "",
          "file": "",
          "beforeHooks": [],
          "afterHooks": [],
          "tests": [
            {
              "title": "Verify search results (using click event) for a planet - where population is unknown",
              "fullTitle": "Planet Search Test suite Verify search results (using click event) for a planet - where population is unknown",
              "timedOut": null,
              "duration": 1011,
              "state": "passed",
              "speed": "fast",
              "pass": true,
              "fail": false,
              "pending": false,
              "context": null,
              "code": "searchFormObject.checkRadioButton(searchType).should('be.checked');\nsearchFormObject.inputSearchQuery(searchQuery);\ncy.interceptUntilResults(searchFormObject, swapiBaseURL, searchType, searchQuery, eventType);\nplanetSearchResultObject.assertPlanetSearchResult(planet, 'have.text');",
              "err": {},
              "uuid": "4622be89-47e2-4b50-849e-6f5d01eb4df9",
              "parentUUID": "ac12a876-f370-4ef1-9a1a-dfa8b0f5b8b5",
              "isHook": false,
              "skipped": false
            }
          ],
          "suites": [],
          "passes": [
            "4622be89-47e2-4b50-849e-6f5d01eb4df9"
          ],
          "failures": [],
          "pending": [],
          "skipped": [],
          "duration": 1011,
          "root": false,
          "rootEmpty": false,
          "_timeout": 2000
        },
        {
          "uuid": "15222283-7d09-4594-8fb6-b08e345907c3",
          "title": "Invalid character Search Test suite",
          "fullFile": "",
          "file": "",
          "beforeHooks": [],
          "afterHooks": [],
          "tests": [
            {
              "title": "Verify search results (using click event) for a character - which doesn't exist",
              "fullTitle": "Invalid character Search Test suite Verify search results (using click event) for a character - which doesn't exist",
              "timedOut": null,
              "duration": 961,
              "state": "passed",
              "speed": "fast",
              "pass": true,
              "fail": false,
              "pending": false,
              "context": null,
              "code": "searchFormObject.checkRadioButton(searchType).should('be.checked');\nsearchFormObject.inputSearchQuery(searchQuery);\ncy.interceptUntilResults(searchFormObject, swapiBaseURL, searchType, searchQuery, eventType);\nmainAppObject.isNotFound().should('exist');\ncharacterSearchResultObject.assertCharacherSearchResult(charachter, 'not.exist');",
              "err": {},
              "uuid": "304fcb91-fdfd-46cc-83ee-1c3e521fdbc4",
              "parentUUID": "15222283-7d09-4594-8fb6-b08e345907c3",
              "isHook": false,
              "skipped": false
            }
          ],
          "suites": [],
          "passes": [
            "304fcb91-fdfd-46cc-83ee-1c3e521fdbc4"
          ],
          "failures": [],
          "pending": [],
          "skipped": [],
          "duration": 961,
          "root": false,
          "rootEmpty": false,
          "_timeout": 2000
        },
        {
          "uuid": "160e3b4b-e843-4865-a2c3-befe8f598b8b",
          "title": "Invalid planet Search Test suite",
          "fullFile": "",
          "file": "",
          "beforeHooks": [],
          "afterHooks": [],
          "tests": [
            {
              "title": "Verify search results (using click event) for a planet - which doesn't exist",
              "fullTitle": "Invalid planet Search Test suite Verify search results (using click event) for a planet - which doesn't exist",
              "timedOut": null,
              "duration": 776,
              "state": "passed",
              "speed": "fast",
              "pass": true,
              "fail": false,
              "pending": false,
              "context": null,
              "code": "searchFormObject.checkRadioButton(searchType).should('be.checked');\nsearchFormObject.inputSearchQuery(searchQuery);\ncy.interceptUntilResults(searchFormObject, swapiBaseURL, searchType, searchQuery, eventType);\nmainAppObject.isNotFound().should('exist');\nplanetSearchResultObject.assertPlanetSearchResult(planet, 'not.exist');",
              "err": {},
              "uuid": "c54e9f48-393e-4caa-b242-0d1f9c9eedfa",
              "parentUUID": "160e3b4b-e843-4865-a2c3-befe8f598b8b",
              "isHook": false,
              "skipped": false
            }
          ],
          "suites": [],
          "passes": [
            "c54e9f48-393e-4caa-b242-0d1f9c9eedfa"
          ],
          "failures": [],
          "pending": [],
          "skipped": [],
          "duration": 776,
          "root": false,
          "rootEmpty": false,
          "_timeout": 2000
        },
        {
          "uuid": "9e3562be-1337-4055-b73b-fa3198e0c8b3",
          "title": "Additional scenarios",
          "fullFile": "",
          "file": "",
          "beforeHooks": [],
          "afterHooks": [],
          "tests": [
            {
              "title": "Verify previous search result are removed on searching empty input query",
              "fullTitle": "Additional scenarios Verify previous search result are removed on searching empty input query",
              "timedOut": null,
              "duration": 5579,
              "state": "failed",
              "speed": null,
              "pass": false,
              "fail": true,
              "pending": false,
              "context": "\"../cypress/screenshots/e2e/searchTests.js/Additional scenarios -- Verify previous search result are removed on searching empty input query (failed).png\"",
              "code": "searchFormObject.checkRadioButton(searchType).should('be.checked');\nsearchFormObject.inputSearchQuery(searchQuery);\ncy.interceptUntilResults(searchFormObject, swapiBaseURL, searchType, searchQuery, eventType);\nplanetSearchResultObject.assertPlanetSearchResult(validPlanetsJson[0], 'have.text');\nsearchFormObject.clearSearchQuery();\nsearchFormObject.clickSubmitButton();\nplanetSearchResultObject.assertPlanetSearchResult(validPlanetsJson[0], 'not.exist');",
              "err": {
                "message": "AssertionError: Timed out retrying after 4000ms: Expected <h6.card-subtitle.mb-2.text-muted> not to exist in the DOM, but it was continuously found.",
                "estack": "AssertionError: Timed out retrying after 4000ms: Expected <h6.card-subtitle.mb-2.text-muted> not to exist in the DOM, but it was continuously found.\n    at PlanetSearchResultObject.assertPlanetSearchResult (http://localhost:4200/__cypress/tests?p=cypress/integration/e2e/searchTests.js:467:26)\n    at Context.eval (http://localhost:4200/__cypress/tests?p=cypress/integration/e2e/searchTests.js:270:30)",
                "diff": null
              },
              "uuid": "5b8a7953-43f8-457a-b1af-637903ad0424",
              "parentUUID": "9e3562be-1337-4055-b73b-fa3198e0c8b3",
              "isHook": false,
              "skipped": false
            },
            {
              "title": "Verify \"Not Found\" in place of previous search result on changing the search type",
              "fullTitle": "Additional scenarios Verify \"Not Found\" in place of previous search result on changing the search type",
              "timedOut": null,
              "duration": 1147,
              "state": "passed",
              "speed": "fast",
              "pass": true,
              "fail": false,
              "pending": false,
              "context": null,
              "code": "searchFormObject.checkRadioButton(searchType).should('be.checked');\nsearchFormObject.inputSearchQuery(searchQuery);\ncy.interceptUntilResults(searchFormObject, swapiBaseURL, searchType, searchQuery, eventType);\nplanetSearchResultObject.assertPlanetSearchResult(validPlanetsJson[0], 'have.text');\nsearchType = \"people\";\nsearchFormObject.checkRadioButton(searchType).should('be.checked');\ncy.interceptUntilResults(searchFormObject, swapiBaseURL, searchType, searchQuery, eventType);\nmainAppObject.isNotFound().should('exist');\nplanetSearchResultObject.assertPlanetSearchResult(validPlanetsJson[0], 'not.exist');",
              "err": {},
              "uuid": "b6a7a0a4-719c-4528-b712-dad4aa08efe3",
              "parentUUID": "9e3562be-1337-4055-b73b-fa3198e0c8b3",
              "isHook": false,
              "skipped": false
            },
            {
              "title": "Verify search results (using enter event) for a planet",
              "fullTitle": "Additional scenarios Verify search results (using enter event) for a planet",
              "timedOut": null,
              "duration": 687,
              "state": "passed",
              "speed": "fast",
              "pass": true,
              "fail": false,
              "pending": false,
              "context": null,
              "code": "searchType = \"planets\";\neventType = \"enter\";\nsearchFormObject.checkRadioButton(searchType).should('be.checked');\nsearchFormObject.inputSearchQuery(searchQuery);\ncy.interceptUntilResults(searchFormObject, swapiBaseURL, searchType, searchQuery, eventType);\nplanetSearchResultObject.assertPlanetSearchResult(validPlanetsJson[0], 'have.text');",
              "err": {},
              "uuid": "043f8488-cb0e-4c7c-b230-c8fd343463ea",
              "parentUUID": "9e3562be-1337-4055-b73b-fa3198e0c8b3",
              "isHook": false,
              "skipped": false
            }
          ],
          "suites": [],
          "passes": [
            "b6a7a0a4-719c-4528-b712-dad4aa08efe3",
            "043f8488-cb0e-4c7c-b230-c8fd343463ea"
          ],
          "failures": [
            "5b8a7953-43f8-457a-b1af-637903ad0424"
          ],
          "pending": [],
          "skipped": [],
          "duration": 7413,
          "root": false,
          "rootEmpty": false,
          "_timeout": 2000
        }
      ],
      "passes": [],
      "failures": [],
      "pending": [],
      "skipped": [],
      "duration": 0,
      "root": true,
      "rootEmpty": true,
      "_timeout": 2000
    }
  ],
  "meta": {
    "mocha": {
      "version": "7.0.1"
    },
    "mochawesome": {
      "options": {
        "quiet": false,
        "reportFilename": "output",
        "saveHtml": true,
        "saveJson": true,
        "consoleReporter": "spec",
        "useInlineDiffs": false,
        "code": true
      },
      "version": "7.0.1"
    },
    "marge": {
      "options": {
        "overwrite": true,
        "html": true,
        "json": true,
        "reportFilename": "output"
      },
      "version": "6.0.1"
    }
  }
}